2022-08-11T01:52:23+00:00 CRITICAL Uncaught Error: Call to undefined function Logo() in C:\laragon\www\capsutec\wp-content\themes\storefront-child-theme-master\header.php:80
Stack trace:
#0 C:\laragon\www\capsutec\wp-includes\template.php(770): require_once()
#1 C:\laragon\www\capsutec\wp-includes\template.php(716): load_template('C:\\laragon\\www\\...', true, Array)
#2 C:\laragon\www\capsutec\wp-includes\general-template.php(48): locate_template(Array, true, true, Array)
#3 C:\laragon\www\capsutec\wp-content\plugins\woocommerce\templates\single-product.php(22): get_header('shop')
#4 C:\laragon\www\capsutec\wp-includes\template-loader.php(106): include('C:\\laragon\\www\\...')
#5 C:\laragon\www\capsutec\wp-blog-header.php(19): require_once('C:\\laragon\\www\\...')
#6 C:\laragon\www\capsutec\index.php(17): require('C:\\laragon\\www\\...')
#7 {main}
  thrown in C:\laragon\www\capsutec\wp-content\themes\storefront-child-theme-master\header.php on line 80

2022-08-11T01:53:55+00:00 CRITICAL Uncaught Error: Call to undefined function Logo() in C:\laragon\www\capsutec\wp-content\themes\storefront-child-theme-master\header.php:80
Stack trace:
#0 C:\laragon\www\capsutec\wp-includes\template.php(770): require_once()
#1 C:\laragon\www\capsutec\wp-includes\template.php(716): load_template('C:\\laragon\\www\\...', true, Array)
#2 C:\laragon\www\capsutec\wp-includes\general-template.php(48): locate_template(Array, true, true, Array)
#3 C:\laragon\www\capsutec\wp-content\plugins\woocommerce\templates\single-product.php(22): get_header('shop')
#4 C:\laragon\www\capsutec\wp-includes\template-loader.php(106): include('C:\\laragon\\www\\...')
#5 C:\laragon\www\capsutec\wp-blog-header.php(19): require_once('C:\\laragon\\www\\...')
#6 C:\laragon\www\capsutec\index.php(17): require('C:\\laragon\\www\\...')
#7 {main}
  thrown in C:\laragon\www\capsutec\wp-content\themes\storefront-child-theme-master\header.php on line 80

