2022-08-10T08:38:50+00:00 CRITICAL Uncaught Error: Call to a member function have_posts() on null in C:\laragon\www\capsutec.com.br\wp-content\themes\storefront-child-theme-master\template-parts\template-offer.php:9
Stack trace:
#0 C:\laragon\www\capsutec.com.br\wp-includes\template.php(772): require()
#1 C:\laragon\www\capsutec.com.br\wp-includes\template.php(716): load_template('C:\\laragon\\www\\...', false, Array)
#2 C:\laragon\www\capsutec.com.br\wp-includes\general-template.php(204): locate_template(Array, true, false, Array)
#3 C:\laragon\www\capsutec.com.br\wp-content\themes\storefront-child-theme-master\front-page.php(33): get_template_part('template-parts/...', 'offer')
#4 C:\laragon\www\capsutec.com.br\wp-includes\template-loader.php(106): include('C:\\laragon\\www\\...')
#5 C:\laragon\www\capsutec.com.br\wp-blog-header.php(19): require_once('C:\\laragon\\www\\...')
#6 C:\laragon\www\capsutec.com.br\index.php(17): require('C:\\laragon\\www\\...')
#7 {main}
  thrown in C:\laragon\www\capsutec.com.br\wp-content\themes\storefront-child-theme-master\template-parts\template-offer.php on line 9

2022-08-10T08:39:22+00:00 CRITICAL Uncaught Error: Call to a member function have_posts() on null in C:\laragon\www\capsutec.com.br\wp-content\themes\storefront-child-theme-master\template-parts\template-offer.php:9
Stack trace:
#0 C:\laragon\www\capsutec.com.br\wp-includes\template.php(772): require()
#1 C:\laragon\www\capsutec.com.br\wp-includes\template.php(716): load_template('C:\\laragon\\www\\...', false, Array)
#2 C:\laragon\www\capsutec.com.br\wp-includes\general-template.php(204): locate_template(Array, true, false, Array)
#3 C:\laragon\www\capsutec.com.br\wp-content\themes\storefront-child-theme-master\front-page.php(33): get_template_part('template-parts/...', 'offer')
#4 C:\laragon\www\capsutec.com.br\wp-includes\template-loader.php(106): include('C:\\laragon\\www\\...')
#5 C:\laragon\www\capsutec.com.br\wp-blog-header.php(19): require_once('C:\\laragon\\www\\...')
#6 C:\laragon\www\capsutec.com.br\index.php(17): require('C:\\laragon\\www\\...')
#7 {main}
  thrown in C:\laragon\www\capsutec.com.br\wp-content\themes\storefront-child-theme-master\template-parts\template-offer.php on line 9

